<?xml version="1.0" encoding="UTF-8"?>
<!-- Generated by org.testng.reporters.JUnitXMLReporter -->
<testsuite ignored="4" hostname="vishnu" failures="0" tests="3" name="Test_All" time="50.318" errors="0" timestamp="2025-04-08T23:53:40 IST">
  <testcase classname="com.mystore.testcases.LoginPageTest" name="loginTest" time="3.996"/>
  <testcase classname="com.mystore.testcases.SearchResultPagetest" name="productAvailabilityTest" time="1.473"/>
  <testcase classname="com.mystore.testcases.EndToEndTest" name="endToEndTest" time="23.682"/>
  <testcase classname="com.mystore.base.BaseClass" name="@BeforeSuite loadConfig" time="0.0">
    <ignored/>
  </testcase> <!-- @BeforeSuite loadConfig -->
  <testcase classname="com.mystore.base.BaseClass" name="@BeforeSuite loadConfig" time="0.0">
    <ignored/>
  </testcase> <!-- @BeforeSuite loadConfig -->
  <testcase classname="com.mystore.base.BaseClass" name="@AfterSuite afterSuite" time="0.0">
    <ignored/>
  </testcase> <!-- @AfterSuite afterSuite -->
  <testcase classname="com.mystore.base.BaseClass" name="@AfterSuite afterSuite" time="0.0">
    <ignored/>
  </testcase> <!-- @AfterSuite afterSuite -->
</testsuite> <!-- Test_All -->
